{"id":"192.168.0.216.tm160509655409900001","wasCommitted":true,"participants":[{"uri":"192.168.0.216.tm1","state":"COMMITTING","expires":1605096854155,"resourceName":"domain-db"}]}
{"id":"192.168.0.216.tm160509655409900001","wasCommitted":true,"participants":[{"uri":"192.168.0.216.tm1","state":"TERMINATED","expires":1605096854157,"resourceName":"domain-db"}]}
{"id":"192.168.0.216.tm160509655415800002","wasCommitted":true,"participants":[{"uri":"192.168.0.216.tm2","state":"COMMITTING","expires":1605096854171,"resourceName":"domain-db"}]}
{"id":"192.168.0.216.tm160509655415800002","wasCommitted":true,"participants":[{"uri":"192.168.0.216.tm2","state":"TERMINATED","expires":1605096854172,"resourceName":"domain-db"}]}
{"id":"192.168.0.216.tm160509655418200003","wasCommitted":true,"participants":[{"uri":"192.168.0.216.tm3","state":"COMMITTING","expires":1605096854190,"resourceName":"domain-db"},{"uri":"192.168.0.216.tm4","state":"COMMITTING","expires":1605096854190,"resourceName":"analytics-db"}]}
{"id":"192.168.0.216.tm160509655418200003","wasCommitted":true,"participants":[{"uri":"192.168.0.216.tm3","state":"TERMINATED","expires":1605096854191,"resourceName":"domain-db"},{"uri":"192.168.0.216.tm4","state":"TERMINATED","expires":1605096854191,"resourceName":"analytics-db"}]}
{"id":"192.168.0.216.tm160509655419200004","wasCommitted":true,"participants":[{"uri":"192.168.0.216.tm5","state":"COMMITTING","expires":1605096854193,"resourceName":"domain-db"}]}
{"id":"192.168.0.216.tm160509655419200004","wasCommitted":true,"participants":[{"uri":"192.168.0.216.tm5","state":"TERMINATED","expires":1605096854193,"resourceName":"domain-db"}]}
{"id":"192.168.0.216.tm160509655419500005","wasCommitted":true,"participants":[{"uri":"192.168.0.216.tm6","state":"COMMITTING","expires":1605096854197,"resourceName":"analytics-db"}]}
{"id":"192.168.0.216.tm160509655419500005","wasCommitted":true,"participants":[{"uri":"192.168.0.216.tm6","state":"TERMINATED","expires":1605096854198,"resourceName":"analytics-db"}]}
{"id":"192.168.0.216.tm160509655420100006","wasCommitted":true,"participants":[{"uri":"192.168.0.216.tm7","state":"COMMITTING","expires":1605096854205,"resourceName":"analytics-db"}]}
{"id":"192.168.0.216.tm160509655420100006","wasCommitted":true,"participants":[{"uri":"192.168.0.216.tm7","state":"TERMINATED","expires":1605096854206,"resourceName":"analytics-db"}]}
{"id":"192.168.0.216.tm160509655420600007","wasCommitted":true,"participants":[{"uri":"192.168.0.216.tm8","state":"COMMITTING","expires":1605096854208,"resourceName":"analytics-db"}]}
{"id":"192.168.0.216.tm160509655420600007","wasCommitted":true,"participants":[{"uri":"192.168.0.216.tm8","state":"TERMINATED","expires":1605096854208,"resourceName":"analytics-db"}]}
{"id":"192.168.0.216.tm160509655420900008","wasCommitted":false,"participants":[{"uri":"192.168.0.216.tm9","state":"TERMINATED","expires":1605096854216,"resourceName":"analytics-db"}]}
{"id":"192.168.0.216.tm160509655422100009","wasCommitted":true,"participants":[{"uri":"192.168.0.216.tm10","state":"COMMITTING","expires":1605096854224,"resourceName":"analytics-db"}]}
{"id":"192.168.0.216.tm160509655422100009","wasCommitted":true,"participants":[{"uri":"192.168.0.216.tm10","state":"TERMINATED","expires":1605096854224,"resourceName":"analytics-db"}]}
{"id":"192.168.0.216.tm160509655422400010","wasCommitted":false,"participants":[{"uri":"192.168.0.216.tm11","state":"TERMINATED","expires":1605096854238,"resourceName":"domain-db"},{"uri":"192.168.0.216.tm12","state":"TERMINATED","expires":1605096854238,"resourceName":"analytics-db"}]}
{"id":"192.168.0.216.tm160509655424100011","wasCommitted":true,"participants":[{"uri":"192.168.0.216.tm13","state":"COMMITTING","expires":1605096854243,"resourceName":"analytics-db"}]}
{"id":"192.168.0.216.tm160509655424100011","wasCommitted":true,"participants":[{"uri":"192.168.0.216.tm13","state":"TERMINATED","expires":1605096854244,"resourceName":"analytics-db"}]}
{"id":"192.168.0.216.tm160509655424400012","wasCommitted":true,"participants":[{"uri":"192.168.0.216.tm14","state":"COMMITTING","expires":1605096854246,"resourceName":"analytics-db"}]}
{"id":"192.168.0.216.tm160509655424400012","wasCommitted":true,"participants":[{"uri":"192.168.0.216.tm14","state":"TERMINATED","expires":1605096854246,"resourceName":"analytics-db"}]}
