{"id":"10.103.50.90.tm161649236864000001","wasCommitted":true,"participants":[{"uri":"10.103.50.90.tm1","state":"COMMITTING","expires":1616492668775,"resourceName":"domain-db"}]}
{"id":"10.103.50.90.tm161649236864000001","wasCommitted":true,"participants":[{"uri":"10.103.50.90.tm1","state":"TERMINATED","expires":1616492668779,"resourceName":"domain-db"}]}
{"id":"10.103.50.90.tm161649236878000002","wasCommitted":true,"participants":[{"uri":"10.103.50.90.tm2","state":"COMMITTING","expires":1616492668810,"resourceName":"domain-db"}]}
{"id":"10.103.50.90.tm161649236878000002","wasCommitted":true,"participants":[{"uri":"10.103.50.90.tm2","state":"TERMINATED","expires":1616492668810,"resourceName":"domain-db"}]}
{"id":"10.103.50.90.tm161649236883600003","wasCommitted":true,"participants":[{"uri":"10.103.50.90.tm3","state":"COMMITTING","expires":1616492668849,"resourceName":"domain-db"},{"uri":"10.103.50.90.tm4","state":"COMMITTING","expires":1616492668849,"resourceName":"analytics-db"}]}
{"id":"10.103.50.90.tm161649236883600003","wasCommitted":true,"participants":[{"uri":"10.103.50.90.tm3","state":"TERMINATED","expires":1616492668851,"resourceName":"domain-db"},{"uri":"10.103.50.90.tm4","state":"TERMINATED","expires":1616492668851,"resourceName":"analytics-db"}]}
{"id":"10.103.50.90.tm161649236885100004","wasCommitted":true,"participants":[{"uri":"10.103.50.90.tm5","state":"COMMITTING","expires":1616492668852,"resourceName":"domain-db"}]}
{"id":"10.103.50.90.tm161649236885100004","wasCommitted":true,"participants":[{"uri":"10.103.50.90.tm5","state":"TERMINATED","expires":1616492668853,"resourceName":"domain-db"}]}
{"id":"10.103.50.90.tm161649236885300005","wasCommitted":true,"participants":[{"uri":"10.103.50.90.tm6","state":"COMMITTING","expires":1616492668856,"resourceName":"analytics-db"}]}
{"id":"10.103.50.90.tm161649236885300005","wasCommitted":true,"participants":[{"uri":"10.103.50.90.tm6","state":"TERMINATED","expires":1616492668856,"resourceName":"analytics-db"}]}
{"id":"10.103.50.90.tm161649236886200006","wasCommitted":true,"participants":[{"uri":"10.103.50.90.tm7","state":"COMMITTING","expires":1616492668864,"resourceName":"analytics-db"}]}
{"id":"10.103.50.90.tm161649236886200006","wasCommitted":true,"participants":[{"uri":"10.103.50.90.tm7","state":"TERMINATED","expires":1616492668864,"resourceName":"analytics-db"}]}
{"id":"10.103.50.90.tm161649236886400007","wasCommitted":true,"participants":[{"uri":"10.103.50.90.tm8","state":"COMMITTING","expires":1616492668866,"resourceName":"analytics-db"}]}
{"id":"10.103.50.90.tm161649236886400007","wasCommitted":true,"participants":[{"uri":"10.103.50.90.tm8","state":"TERMINATED","expires":1616492668866,"resourceName":"analytics-db"}]}
{"id":"10.103.50.90.tm161649236886800008","wasCommitted":false,"participants":[{"uri":"10.103.50.90.tm9","state":"TERMINATED","expires":1616492668881,"resourceName":"analytics-db"}]}
{"id":"10.103.50.90.tm161649236889000009","wasCommitted":true,"participants":[{"uri":"10.103.50.90.tm10","state":"COMMITTING","expires":1616492668894,"resourceName":"analytics-db"}]}
{"id":"10.103.50.90.tm161649236889000009","wasCommitted":true,"participants":[{"uri":"10.103.50.90.tm10","state":"TERMINATED","expires":1616492668895,"resourceName":"analytics-db"}]}
{"id":"10.103.50.90.tm161649236889600010","wasCommitted":false,"participants":[{"uri":"10.103.50.90.tm11","state":"TERMINATED","expires":1616492668935,"resourceName":"domain-db"},{"uri":"10.103.50.90.tm12","state":"TERMINATED","expires":1616492668935,"resourceName":"analytics-db"}]}
{"id":"10.103.50.90.tm161649236894000011","wasCommitted":true,"participants":[{"uri":"10.103.50.90.tm13","state":"COMMITTING","expires":1616492668942,"resourceName":"analytics-db"}]}
{"id":"10.103.50.90.tm161649236894000011","wasCommitted":true,"participants":[{"uri":"10.103.50.90.tm13","state":"TERMINATED","expires":1616492668942,"resourceName":"analytics-db"}]}
{"id":"10.103.50.90.tm161649236894200012","wasCommitted":true,"participants":[{"uri":"10.103.50.90.tm14","state":"COMMITTING","expires":1616492668945,"resourceName":"analytics-db"}]}
{"id":"10.103.50.90.tm161649236894200012","wasCommitted":true,"participants":[{"uri":"10.103.50.90.tm14","state":"TERMINATED","expires":1616492668945,"resourceName":"analytics-db"}]}
