{"id":"192.168.0.216.tm160509571066400001","wasCommitted":true,"participants":[{"uri":"192.168.0.216.tm1","state":"COMMITTING","expires":1605096010723,"resourceName":"domain-db"}]}
{"id":"192.168.0.216.tm160509571066400001","wasCommitted":true,"participants":[{"uri":"192.168.0.216.tm1","state":"TERMINATED","expires":1605096010724,"resourceName":"domain-db"}]}
{"id":"192.168.0.216.tm160509571072500002","wasCommitted":true,"participants":[{"uri":"192.168.0.216.tm2","state":"COMMITTING","expires":1605096010738,"resourceName":"domain-db"}]}
{"id":"192.168.0.216.tm160509571072500002","wasCommitted":true,"participants":[{"uri":"192.168.0.216.tm2","state":"TERMINATED","expires":1605096010738,"resourceName":"domain-db"}]}
{"id":"192.168.0.216.tm160509571074700003","wasCommitted":true,"participants":[{"uri":"192.168.0.216.tm3","state":"COMMITTING","expires":1605096010754,"resourceName":"domain-db"},{"uri":"192.168.0.216.tm4","state":"COMMITTING","expires":1605096010754,"resourceName":"analytics-db"}]}
{"id":"192.168.0.216.tm160509571074700003","wasCommitted":true,"participants":[{"uri":"192.168.0.216.tm3","state":"TERMINATED","expires":1605096010759,"resourceName":"domain-db"},{"uri":"192.168.0.216.tm4","state":"TERMINATED","expires":1605096010759,"resourceName":"analytics-db"}]}
{"id":"192.168.0.216.tm160509571075900004","wasCommitted":true,"participants":[{"uri":"192.168.0.216.tm5","state":"COMMITTING","expires":1605096010761,"resourceName":"domain-db"}]}
{"id":"192.168.0.216.tm160509571075900004","wasCommitted":true,"participants":[{"uri":"192.168.0.216.tm5","state":"TERMINATED","expires":1605096010761,"resourceName":"domain-db"}]}
{"id":"192.168.0.216.tm160509571076300005","wasCommitted":true,"participants":[{"uri":"192.168.0.216.tm6","state":"COMMITTING","expires":1605096010765,"resourceName":"analytics-db"}]}
{"id":"192.168.0.216.tm160509571076300005","wasCommitted":true,"participants":[{"uri":"192.168.0.216.tm6","state":"TERMINATED","expires":1605096010765,"resourceName":"analytics-db"}]}
{"id":"192.168.0.216.tm160509571076900006","wasCommitted":true,"participants":[{"uri":"192.168.0.216.tm7","state":"COMMITTING","expires":1605096010772,"resourceName":"analytics-db"}]}
{"id":"192.168.0.216.tm160509571076900006","wasCommitted":true,"participants":[{"uri":"192.168.0.216.tm7","state":"TERMINATED","expires":1605096010773,"resourceName":"analytics-db"}]}
{"id":"192.168.0.216.tm160509571077300007","wasCommitted":true,"participants":[{"uri":"192.168.0.216.tm8","state":"COMMITTING","expires":1605096010774,"resourceName":"analytics-db"}]}
{"id":"192.168.0.216.tm160509571077300007","wasCommitted":true,"participants":[{"uri":"192.168.0.216.tm8","state":"TERMINATED","expires":1605096010774,"resourceName":"analytics-db"}]}
{"id":"192.168.0.216.tm160509571077500008","wasCommitted":false,"participants":[{"uri":"192.168.0.216.tm9","state":"TERMINATED","expires":1605096010782,"resourceName":"analytics-db"}]}
{"id":"192.168.0.216.tm160509571078700009","wasCommitted":true,"participants":[{"uri":"192.168.0.216.tm10","state":"COMMITTING","expires":1605096010789,"resourceName":"analytics-db"}]}
{"id":"192.168.0.216.tm160509571078700009","wasCommitted":true,"participants":[{"uri":"192.168.0.216.tm10","state":"TERMINATED","expires":1605096010790,"resourceName":"analytics-db"}]}
{"id":"192.168.0.216.tm160509571079000010","wasCommitted":false,"participants":[{"uri":"192.168.0.216.tm11","state":"TERMINATED","expires":1605096010802,"resourceName":"domain-db"},{"uri":"192.168.0.216.tm12","state":"TERMINATED","expires":1605096010802,"resourceName":"analytics-db"}]}
{"id":"192.168.0.216.tm160509571080600011","wasCommitted":true,"participants":[{"uri":"192.168.0.216.tm13","state":"COMMITTING","expires":1605096010808,"resourceName":"analytics-db"}]}
{"id":"192.168.0.216.tm160509571080600011","wasCommitted":true,"participants":[{"uri":"192.168.0.216.tm13","state":"TERMINATED","expires":1605096010809,"resourceName":"analytics-db"}]}
{"id":"192.168.0.216.tm160509571080900012","wasCommitted":true,"participants":[{"uri":"192.168.0.216.tm14","state":"COMMITTING","expires":1605096010810,"resourceName":"analytics-db"}]}
{"id":"192.168.0.216.tm160509571080900012","wasCommitted":true,"participants":[{"uri":"192.168.0.216.tm14","state":"TERMINATED","expires":1605096010811,"resourceName":"analytics-db"}]}
