{"id":"192.168.1.119.tm164856358775800001","wasCommitted":true,"participants":[{"uri":"192.168.1.119.tm1","state":"COMMITTING","expires":1648563887826,"resourceName":"domain-db"}]}
{"id":"192.168.1.119.tm164856358775800001","wasCommitted":true,"participants":[{"uri":"192.168.1.119.tm1","state":"TERMINATED","expires":1648563887828,"resourceName":"domain-db"}]}
{"id":"192.168.1.119.tm164856358782900002","wasCommitted":true,"participants":[{"uri":"192.168.1.119.tm2","state":"COMMITTING","expires":1648563887844,"resourceName":"domain-db"}]}
{"id":"192.168.1.119.tm164856358782900002","wasCommitted":true,"participants":[{"uri":"192.168.1.119.tm2","state":"TERMINATED","expires":1648563887845,"resourceName":"domain-db"}]}
{"id":"192.168.1.119.tm164856358786000003","wasCommitted":true,"participants":[{"uri":"192.168.1.119.tm3","state":"COMMITTING","expires":1648563887869,"resourceName":"domain-db"},{"uri":"192.168.1.119.tm4","state":"COMMITTING","expires":1648563887869,"resourceName":"analytics-db"}]}
{"id":"192.168.1.119.tm164856358786000003","wasCommitted":true,"participants":[{"uri":"192.168.1.119.tm3","state":"TERMINATED","expires":1648563887870,"resourceName":"domain-db"},{"uri":"192.168.1.119.tm4","state":"TERMINATED","expires":1648563887870,"resourceName":"analytics-db"}]}
{"id":"192.168.1.119.tm164856358787100004","wasCommitted":true,"participants":[{"uri":"192.168.1.119.tm5","state":"COMMITTING","expires":1648563887872,"resourceName":"domain-db"}]}
{"id":"192.168.1.119.tm164856358787100004","wasCommitted":true,"participants":[{"uri":"192.168.1.119.tm5","state":"TERMINATED","expires":1648563887872,"resourceName":"domain-db"}]}
{"id":"192.168.1.119.tm164856358787200005","wasCommitted":true,"participants":[{"uri":"192.168.1.119.tm6","state":"COMMITTING","expires":1648563887874,"resourceName":"analytics-db"}]}
{"id":"192.168.1.119.tm164856358787200005","wasCommitted":true,"participants":[{"uri":"192.168.1.119.tm6","state":"TERMINATED","expires":1648563887875,"resourceName":"analytics-db"}]}
{"id":"192.168.1.119.tm164856358788000006","wasCommitted":true,"participants":[{"uri":"192.168.1.119.tm7","state":"COMMITTING","expires":1648563887884,"resourceName":"analytics-db"}]}
{"id":"192.168.1.119.tm164856358788000006","wasCommitted":true,"participants":[{"uri":"192.168.1.119.tm7","state":"TERMINATED","expires":1648563887884,"resourceName":"analytics-db"}]}
{"id":"192.168.1.119.tm164856358788400007","wasCommitted":true,"participants":[{"uri":"192.168.1.119.tm8","state":"COMMITTING","expires":1648563887885,"resourceName":"analytics-db"}]}
{"id":"192.168.1.119.tm164856358788400007","wasCommitted":true,"participants":[{"uri":"192.168.1.119.tm8","state":"TERMINATED","expires":1648563887886,"resourceName":"analytics-db"}]}
{"id":"192.168.1.119.tm164856358788700008","wasCommitted":false,"participants":[{"uri":"192.168.1.119.tm9","state":"TERMINATED","expires":1648563887895,"resourceName":"analytics-db"}]}
{"id":"192.168.1.119.tm164856358790000009","wasCommitted":true,"participants":[{"uri":"192.168.1.119.tm10","state":"COMMITTING","expires":1648563887902,"resourceName":"analytics-db"}]}
{"id":"192.168.1.119.tm164856358790000009","wasCommitted":true,"participants":[{"uri":"192.168.1.119.tm10","state":"TERMINATED","expires":1648563887902,"resourceName":"analytics-db"}]}
{"id":"192.168.1.119.tm164856358790200010","wasCommitted":false,"participants":[{"uri":"192.168.1.119.tm11","state":"TERMINATED","expires":1648563887914,"resourceName":"domain-db"},{"uri":"192.168.1.119.tm12","state":"TERMINATED","expires":1648563887914,"resourceName":"analytics-db"}]}
{"id":"192.168.1.119.tm164856358791800011","wasCommitted":true,"participants":[{"uri":"192.168.1.119.tm13","state":"COMMITTING","expires":1648563887920,"resourceName":"analytics-db"}]}
{"id":"192.168.1.119.tm164856358791800011","wasCommitted":true,"participants":[{"uri":"192.168.1.119.tm13","state":"TERMINATED","expires":1648563887920,"resourceName":"analytics-db"}]}
{"id":"192.168.1.119.tm164856358792000012","wasCommitted":true,"participants":[{"uri":"192.168.1.119.tm14","state":"COMMITTING","expires":1648563887922,"resourceName":"analytics-db"}]}
{"id":"192.168.1.119.tm164856358792000012","wasCommitted":true,"participants":[{"uri":"192.168.1.119.tm14","state":"TERMINATED","expires":1648563887922,"resourceName":"analytics-db"}]}
