{"id":"192.168.1.119.tm161649414777400001","wasCommitted":true,"participants":[{"uri":"192.168.1.119.tm1","state":"COMMITTING","expires":1616494447876,"resourceName":"domain-db"}]}
{"id":"192.168.1.119.tm161649414777400001","wasCommitted":true,"participants":[{"uri":"192.168.1.119.tm1","state":"TERMINATED","expires":1616494447878,"resourceName":"domain-db"}]}
{"id":"192.168.1.119.tm161649414787800002","wasCommitted":true,"participants":[{"uri":"192.168.1.119.tm2","state":"COMMITTING","expires":1616494447900,"resourceName":"domain-db"}]}
{"id":"192.168.1.119.tm161649414787800002","wasCommitted":true,"participants":[{"uri":"192.168.1.119.tm2","state":"TERMINATED","expires":1616494447901,"resourceName":"domain-db"}]}
{"id":"192.168.1.119.tm161649414792200003","wasCommitted":true,"participants":[{"uri":"192.168.1.119.tm3","state":"COMMITTING","expires":1616494447932,"resourceName":"domain-db"},{"uri":"192.168.1.119.tm4","state":"COMMITTING","expires":1616494447932,"resourceName":"analytics-db"}]}
{"id":"192.168.1.119.tm161649414792200003","wasCommitted":true,"participants":[{"uri":"192.168.1.119.tm3","state":"TERMINATED","expires":1616494447936,"resourceName":"domain-db"},{"uri":"192.168.1.119.tm4","state":"TERMINATED","expires":1616494447936,"resourceName":"analytics-db"}]}
{"id":"192.168.1.119.tm161649414793600004","wasCommitted":true,"participants":[{"uri":"192.168.1.119.tm5","state":"COMMITTING","expires":1616494447938,"resourceName":"domain-db"}]}
{"id":"192.168.1.119.tm161649414793600004","wasCommitted":true,"participants":[{"uri":"192.168.1.119.tm5","state":"TERMINATED","expires":1616494447938,"resourceName":"domain-db"}]}
{"id":"192.168.1.119.tm161649414793800005","wasCommitted":true,"participants":[{"uri":"192.168.1.119.tm6","state":"COMMITTING","expires":1616494447940,"resourceName":"analytics-db"}]}
{"id":"192.168.1.119.tm161649414793800005","wasCommitted":true,"participants":[{"uri":"192.168.1.119.tm6","state":"TERMINATED","expires":1616494447941,"resourceName":"analytics-db"}]}
{"id":"192.168.1.119.tm161649414794500006","wasCommitted":true,"participants":[{"uri":"192.168.1.119.tm7","state":"COMMITTING","expires":1616494447946,"resourceName":"analytics-db"}]}
{"id":"192.168.1.119.tm161649414794500006","wasCommitted":true,"participants":[{"uri":"192.168.1.119.tm7","state":"TERMINATED","expires":1616494447947,"resourceName":"analytics-db"}]}
{"id":"192.168.1.119.tm161649414794700007","wasCommitted":true,"participants":[{"uri":"192.168.1.119.tm8","state":"COMMITTING","expires":1616494447948,"resourceName":"analytics-db"}]}
{"id":"192.168.1.119.tm161649414794700007","wasCommitted":true,"participants":[{"uri":"192.168.1.119.tm8","state":"TERMINATED","expires":1616494447948,"resourceName":"analytics-db"}]}
{"id":"192.168.1.119.tm161649414795000008","wasCommitted":false,"participants":[{"uri":"192.168.1.119.tm9","state":"TERMINATED","expires":1616494447960,"resourceName":"analytics-db"}]}
{"id":"192.168.1.119.tm161649414796600009","wasCommitted":true,"participants":[{"uri":"192.168.1.119.tm10","state":"COMMITTING","expires":1616494447969,"resourceName":"analytics-db"}]}
{"id":"192.168.1.119.tm161649414796600009","wasCommitted":true,"participants":[{"uri":"192.168.1.119.tm10","state":"TERMINATED","expires":1616494447969,"resourceName":"analytics-db"}]}
{"id":"192.168.1.119.tm161649414797000010","wasCommitted":false,"participants":[{"uri":"192.168.1.119.tm11","state":"TERMINATED","expires":1616494448003,"resourceName":"domain-db"},{"uri":"192.168.1.119.tm12","state":"TERMINATED","expires":1616494448003,"resourceName":"analytics-db"}]}
{"id":"192.168.1.119.tm161649414800600011","wasCommitted":true,"participants":[{"uri":"192.168.1.119.tm13","state":"COMMITTING","expires":1616494448008,"resourceName":"analytics-db"}]}
{"id":"192.168.1.119.tm161649414800600011","wasCommitted":true,"participants":[{"uri":"192.168.1.119.tm13","state":"TERMINATED","expires":1616494448008,"resourceName":"analytics-db"}]}
{"id":"192.168.1.119.tm161649414800800012","wasCommitted":true,"participants":[{"uri":"192.168.1.119.tm14","state":"COMMITTING","expires":1616494448009,"resourceName":"analytics-db"}]}
{"id":"192.168.1.119.tm161649414800800012","wasCommitted":true,"participants":[{"uri":"192.168.1.119.tm14","state":"TERMINATED","expires":1616494448009,"resourceName":"analytics-db"}]}
