{"id":"10.103.57.202.tm162860366202800001","wasCommitted":true,"participants":[{"uri":"10.103.57.202.tm1","state":"COMMITTING","expires":1628603962179,"resourceName":"domain-db"}]}
{"id":"10.103.57.202.tm162860366202800001","wasCommitted":true,"participants":[{"uri":"10.103.57.202.tm1","state":"TERMINATED","expires":1628603962184,"resourceName":"domain-db"}]}
{"id":"10.103.57.202.tm162860366218500002","wasCommitted":true,"participants":[{"uri":"10.103.57.202.tm2","state":"COMMITTING","expires":1628603962220,"resourceName":"domain-db"}]}
{"id":"10.103.57.202.tm162860366218500002","wasCommitted":true,"participants":[{"uri":"10.103.57.202.tm2","state":"TERMINATED","expires":1628603962221,"resourceName":"domain-db"}]}
{"id":"10.103.57.202.tm162860366224900003","wasCommitted":true,"participants":[{"uri":"10.103.57.202.tm3","state":"COMMITTING","expires":1628603962264,"resourceName":"domain-db"},{"uri":"10.103.57.202.tm4","state":"COMMITTING","expires":1628603962264,"resourceName":"analytics-db"}]}
{"id":"10.103.57.202.tm162860366224900003","wasCommitted":true,"participants":[{"uri":"10.103.57.202.tm3","state":"TERMINATED","expires":1628603962268,"resourceName":"domain-db"},{"uri":"10.103.57.202.tm4","state":"TERMINATED","expires":1628603962268,"resourceName":"analytics-db"}]}
{"id":"10.103.57.202.tm162860366226900004","wasCommitted":true,"participants":[{"uri":"10.103.57.202.tm5","state":"COMMITTING","expires":1628603962272,"resourceName":"domain-db"}]}
{"id":"10.103.57.202.tm162860366226900004","wasCommitted":true,"participants":[{"uri":"10.103.57.202.tm5","state":"TERMINATED","expires":1628603962273,"resourceName":"domain-db"}]}
{"id":"10.103.57.202.tm162860366227400005","wasCommitted":true,"participants":[{"uri":"10.103.57.202.tm6","state":"COMMITTING","expires":1628603962278,"resourceName":"analytics-db"}]}
{"id":"10.103.57.202.tm162860366227400005","wasCommitted":true,"participants":[{"uri":"10.103.57.202.tm6","state":"TERMINATED","expires":1628603962278,"resourceName":"analytics-db"}]}
{"id":"10.103.57.202.tm162860366228700006","wasCommitted":true,"participants":[{"uri":"10.103.57.202.tm7","state":"COMMITTING","expires":1628603962291,"resourceName":"analytics-db"}]}
{"id":"10.103.57.202.tm162860366228700006","wasCommitted":true,"participants":[{"uri":"10.103.57.202.tm7","state":"TERMINATED","expires":1628603962292,"resourceName":"analytics-db"}]}
{"id":"10.103.57.202.tm162860366229200007","wasCommitted":true,"participants":[{"uri":"10.103.57.202.tm8","state":"COMMITTING","expires":1628603962294,"resourceName":"analytics-db"}]}
{"id":"10.103.57.202.tm162860366229200007","wasCommitted":true,"participants":[{"uri":"10.103.57.202.tm8","state":"TERMINATED","expires":1628603962295,"resourceName":"analytics-db"}]}
{"id":"10.103.57.202.tm162860366229700008","wasCommitted":false,"participants":[{"uri":"10.103.57.202.tm9","state":"TERMINATED","expires":1628603962315,"resourceName":"analytics-db"}]}
{"id":"10.103.57.202.tm162860366232400009","wasCommitted":true,"participants":[{"uri":"10.103.57.202.tm10","state":"COMMITTING","expires":1628603962328,"resourceName":"analytics-db"}]}
{"id":"10.103.57.202.tm162860366232400009","wasCommitted":true,"participants":[{"uri":"10.103.57.202.tm10","state":"TERMINATED","expires":1628603962329,"resourceName":"analytics-db"}]}
{"id":"10.103.57.202.tm162860366233000010","wasCommitted":false,"participants":[{"uri":"10.103.57.202.tm11","state":"TERMINATED","expires":1628603962355,"resourceName":"domain-db"},{"uri":"10.103.57.202.tm12","state":"TERMINATED","expires":1628603962355,"resourceName":"analytics-db"}]}
{"id":"10.103.57.202.tm162860366236200011","wasCommitted":true,"participants":[{"uri":"10.103.57.202.tm13","state":"COMMITTING","expires":1628603962365,"resourceName":"analytics-db"}]}
{"id":"10.103.57.202.tm162860366236200011","wasCommitted":true,"participants":[{"uri":"10.103.57.202.tm13","state":"TERMINATED","expires":1628603962366,"resourceName":"analytics-db"}]}
{"id":"10.103.57.202.tm162860366236700012","wasCommitted":true,"participants":[{"uri":"10.103.57.202.tm14","state":"COMMITTING","expires":1628603962370,"resourceName":"analytics-db"}]}
{"id":"10.103.57.202.tm162860366236700012","wasCommitted":true,"participants":[{"uri":"10.103.57.202.tm14","state":"TERMINATED","expires":1628603962371,"resourceName":"analytics-db"}]}
