{"id":"192.168.0.216.tm160509684972600001","wasCommitted":true,"participants":[{"uri":"192.168.0.216.tm1","state":"COMMITTING","expires":1605097149788,"resourceName":"domain-db"}]}
{"id":"192.168.0.216.tm160509684972600001","wasCommitted":true,"participants":[{"uri":"192.168.0.216.tm1","state":"TERMINATED","expires":1605097149790,"resourceName":"domain-db"}]}
{"id":"192.168.0.216.tm160509684979100002","wasCommitted":true,"participants":[{"uri":"192.168.0.216.tm2","state":"COMMITTING","expires":1605097149806,"resourceName":"domain-db"}]}
{"id":"192.168.0.216.tm160509684979100002","wasCommitted":true,"participants":[{"uri":"192.168.0.216.tm2","state":"TERMINATED","expires":1605097149806,"resourceName":"domain-db"}]}
{"id":"192.168.0.216.tm160509684981700003","wasCommitted":true,"participants":[{"uri":"192.168.0.216.tm3","state":"COMMITTING","expires":1605097149827,"resourceName":"domain-db"},{"uri":"192.168.0.216.tm4","state":"COMMITTING","expires":1605097149827,"resourceName":"analytics-db"}]}
{"id":"192.168.0.216.tm160509684981700003","wasCommitted":true,"participants":[{"uri":"192.168.0.216.tm3","state":"TERMINATED","expires":1605097149829,"resourceName":"domain-db"},{"uri":"192.168.0.216.tm4","state":"TERMINATED","expires":1605097149829,"resourceName":"analytics-db"}]}
{"id":"192.168.0.216.tm160509684983000004","wasCommitted":true,"participants":[{"uri":"192.168.0.216.tm5","state":"COMMITTING","expires":1605097149832,"resourceName":"domain-db"}]}
{"id":"192.168.0.216.tm160509684983000004","wasCommitted":true,"participants":[{"uri":"192.168.0.216.tm5","state":"TERMINATED","expires":1605097149832,"resourceName":"domain-db"}]}
{"id":"192.168.0.216.tm160509684983400005","wasCommitted":true,"participants":[{"uri":"192.168.0.216.tm6","state":"COMMITTING","expires":1605097149837,"resourceName":"analytics-db"}]}
{"id":"192.168.0.216.tm160509684983400005","wasCommitted":true,"participants":[{"uri":"192.168.0.216.tm6","state":"TERMINATED","expires":1605097149837,"resourceName":"analytics-db"}]}
{"id":"192.168.0.216.tm160509684984100006","wasCommitted":true,"participants":[{"uri":"192.168.0.216.tm7","state":"COMMITTING","expires":1605097149845,"resourceName":"analytics-db"}]}
{"id":"192.168.0.216.tm160509684984100006","wasCommitted":true,"participants":[{"uri":"192.168.0.216.tm7","state":"TERMINATED","expires":1605097149845,"resourceName":"analytics-db"}]}
{"id":"192.168.0.216.tm160509684984600007","wasCommitted":true,"participants":[{"uri":"192.168.0.216.tm8","state":"COMMITTING","expires":1605097149847,"resourceName":"analytics-db"}]}
{"id":"192.168.0.216.tm160509684984600007","wasCommitted":true,"participants":[{"uri":"192.168.0.216.tm8","state":"TERMINATED","expires":1605097149848,"resourceName":"analytics-db"}]}
{"id":"192.168.0.216.tm160509684984900008","wasCommitted":false,"participants":[{"uri":"192.168.0.216.tm9","state":"TERMINATED","expires":1605097149856,"resourceName":"analytics-db"}]}
{"id":"192.168.0.216.tm160509684986100009","wasCommitted":true,"participants":[{"uri":"192.168.0.216.tm10","state":"COMMITTING","expires":1605097149865,"resourceName":"analytics-db"}]}
{"id":"192.168.0.216.tm160509684986100009","wasCommitted":true,"participants":[{"uri":"192.168.0.216.tm10","state":"TERMINATED","expires":1605097149865,"resourceName":"analytics-db"}]}
{"id":"192.168.0.216.tm160509684986500010","wasCommitted":false,"participants":[{"uri":"192.168.0.216.tm11","state":"TERMINATED","expires":1605097149879,"resourceName":"domain-db"},{"uri":"192.168.0.216.tm12","state":"TERMINATED","expires":1605097149879,"resourceName":"analytics-db"}]}
{"id":"192.168.0.216.tm160509684988400011","wasCommitted":true,"participants":[{"uri":"192.168.0.216.tm13","state":"COMMITTING","expires":1605097149886,"resourceName":"analytics-db"}]}
{"id":"192.168.0.216.tm160509684988400011","wasCommitted":true,"participants":[{"uri":"192.168.0.216.tm13","state":"TERMINATED","expires":1605097149886,"resourceName":"analytics-db"}]}
{"id":"192.168.0.216.tm160509684988700012","wasCommitted":true,"participants":[{"uri":"192.168.0.216.tm14","state":"COMMITTING","expires":1605097149888,"resourceName":"analytics-db"}]}
{"id":"192.168.0.216.tm160509684988700012","wasCommitted":true,"participants":[{"uri":"192.168.0.216.tm14","state":"TERMINATED","expires":1605097149888,"resourceName":"analytics-db"}]}
