{"id":"192.168.0.164.tm158677823746200001","wasCommitted":true,"participants":[{"uri":"192.168.0.164.tm1","state":"COMMITTING","expires":1586778537588,"resourceName":"domain-db"}]}
{"id":"192.168.0.164.tm158677823746200001","wasCommitted":true,"participants":[{"uri":"192.168.0.164.tm1","state":"TERMINATED","expires":1586778537592,"resourceName":"domain-db"}]}
{"id":"192.168.0.164.tm158677823759500002","wasCommitted":true,"participants":[{"uri":"192.168.0.164.tm2","state":"COMMITTING","expires":1586778537640,"resourceName":"domain-db"}]}
{"id":"192.168.0.164.tm158677823759500002","wasCommitted":true,"participants":[{"uri":"192.168.0.164.tm2","state":"TERMINATED","expires":1586778537640,"resourceName":"domain-db"}]}
{"id":"192.168.0.164.tm158677823765700003","wasCommitted":true,"participants":[{"uri":"192.168.0.164.tm3","state":"COMMITTING","expires":1586778537677,"resourceName":"domain-db"},{"uri":"192.168.0.164.tm4","state":"COMMITTING","expires":1586778537677,"resourceName":"analytics-db"}]}
{"id":"192.168.0.164.tm158677823765700003","wasCommitted":true,"participants":[{"uri":"192.168.0.164.tm3","state":"TERMINATED","expires":1586778537683,"resourceName":"domain-db"},{"uri":"192.168.0.164.tm4","state":"TERMINATED","expires":1586778537683,"resourceName":"analytics-db"}]}
{"id":"192.168.0.164.tm158677823768400004","wasCommitted":true,"participants":[{"uri":"192.168.0.164.tm5","state":"COMMITTING","expires":1586778537686,"resourceName":"domain-db"}]}
{"id":"192.168.0.164.tm158677823768400004","wasCommitted":true,"participants":[{"uri":"192.168.0.164.tm5","state":"TERMINATED","expires":1586778537686,"resourceName":"domain-db"}]}
{"id":"192.168.0.164.tm158677823769000005","wasCommitted":true,"participants":[{"uri":"192.168.0.164.tm6","state":"COMMITTING","expires":1586778537693,"resourceName":"analytics-db"}]}
{"id":"192.168.0.164.tm158677823769000005","wasCommitted":true,"participants":[{"uri":"192.168.0.164.tm6","state":"TERMINATED","expires":1586778537693,"resourceName":"analytics-db"}]}
{"id":"192.168.0.164.tm158677823769700006","wasCommitted":true,"participants":[{"uri":"192.168.0.164.tm7","state":"COMMITTING","expires":1586778537699,"resourceName":"analytics-db"}]}
{"id":"192.168.0.164.tm158677823769700006","wasCommitted":true,"participants":[{"uri":"192.168.0.164.tm7","state":"TERMINATED","expires":1586778537700,"resourceName":"analytics-db"}]}
{"id":"192.168.0.164.tm158677823770000007","wasCommitted":true,"participants":[{"uri":"192.168.0.164.tm8","state":"COMMITTING","expires":1586778537702,"resourceName":"analytics-db"}]}
{"id":"192.168.0.164.tm158677823770000007","wasCommitted":true,"participants":[{"uri":"192.168.0.164.tm8","state":"TERMINATED","expires":1586778537702,"resourceName":"analytics-db"}]}
{"id":"192.168.0.164.tm158677823770300008","wasCommitted":false,"participants":[{"uri":"192.168.0.164.tm9","state":"TERMINATED","expires":1586778537713,"resourceName":"analytics-db"}]}
{"id":"192.168.0.164.tm158677823772100009","wasCommitted":true,"participants":[{"uri":"192.168.0.164.tm10","state":"COMMITTING","expires":1586778537724,"resourceName":"analytics-db"}]}
{"id":"192.168.0.164.tm158677823772100009","wasCommitted":true,"participants":[{"uri":"192.168.0.164.tm10","state":"TERMINATED","expires":1586778537725,"resourceName":"analytics-db"}]}
{"id":"192.168.0.164.tm158677823772500010","wasCommitted":false,"participants":[{"uri":"192.168.0.164.tm11","state":"TERMINATED","expires":1586778537747,"resourceName":"domain-db"},{"uri":"192.168.0.164.tm12","state":"TERMINATED","expires":1586778537747,"resourceName":"analytics-db"}]}
{"id":"192.168.0.164.tm158677823775100011","wasCommitted":true,"participants":[{"uri":"192.168.0.164.tm13","state":"COMMITTING","expires":1586778537753,"resourceName":"analytics-db"}]}
{"id":"192.168.0.164.tm158677823775100011","wasCommitted":true,"participants":[{"uri":"192.168.0.164.tm13","state":"TERMINATED","expires":1586778537754,"resourceName":"analytics-db"}]}
{"id":"192.168.0.164.tm158677823775400012","wasCommitted":true,"participants":[{"uri":"192.168.0.164.tm14","state":"COMMITTING","expires":1586778537756,"resourceName":"analytics-db"}]}
{"id":"192.168.0.164.tm158677823775400012","wasCommitted":true,"participants":[{"uri":"192.168.0.164.tm14","state":"TERMINATED","expires":1586778537756,"resourceName":"analytics-db"}]}
